{"/govuk/service-manual-frontend/app/assets/javascripts.bak/govuk/current_location.js":{"path":"/govuk/service-manual-frontend/app/assets/javascripts.bak/govuk/current_location.js","s":{"1":1,"2":1,"3":1,"4":0},"b":{"1":[1,0]},"f":{"1":1,"2":0},"fnMap":{"1":{"name":"(anonymous_1)","line":1,"loc":{"start":{"line":1,"column":1},"end":{"line":1,"column":16}}},"2":{"name":"(anonymous_2)","line":5,"loc":{"start":{"line":5,"column":34},"end":{"line":5,"column":44}}}},"statementMap":{"1":{"start":{"line":1,"column":0},"end":{"line":8,"column":11}},"2":{"start":{"line":3,"column":2},"end":{"line":3,"column":32}},"3":{"start":{"line":5,"column":2},"end":{"line":7,"column":4}},"4":{"start":{"line":6,"column":4},"end":{"line":6,"column":25}}},"branchMap":{"1":{"line":3,"type":"binary-expr","locations":[{"start":{"line":3,"column":15},"end":{"line":3,"column":25}},{"start":{"line":3,"column":29},"end":{"line":3,"column":31}}]}}},"/govuk/service-manual-frontend/app/assets/javascripts.bak/modules/accordion-with-descriptions.js":{"path":"/govuk/service-manual-frontend/app/assets/javascripts.bak/modules/accordion-with-descriptions.js","s":{"1":1,"2":1,"3":1,"4":0,"5":0,"6":0,"7":0,"8":0,"9":0,"10":0,"11":0,"12":0,"13":0,"14":0,"15":0,"16":0,"17":0,"18":0,"19":0,"20":1,"21":0,"22":1,"23":0,"24":1,"25":0,"26":0,"27":0,"28":0,"29":1,"30":0,"31":1,"32":0,"33":0,"34":0,"35":1,"36":0,"37":1,"38":0,"39":0,"40":0,"41":0,"42":0,"43":1,"44":0,"45":0,"46":0,"47":1,"48":0,"49":0,"50":0,"51":0,"52":0,"53":0,"54":0,"55":1,"56":0,"57":1,"58":0,"59":0,"60":0,"61":0,"62":0,"63":0,"64":1,"65":0,"66":0,"67":0,"68":0,"69":0,"70":0,"71":1,"72":0,"73":0,"74":0,"75":0,"76":0,"77":0,"78":1,"79":0,"80":0,"81":0,"82":0,"83":0,"84":0,"85":0,"86":0,"87":0,"88":0,"89":0,"90":1,"91":0,"92":0,"93":0,"94":0,"95":0,"96":0,"97":0,"98":0,"99":0,"100":0,"101":0,"102":0,"103":0,"104":0,"105":0,"106":0,"107":0,"108":0,"109":0,"110":0,"111":0,"112":0,"113":0,"114":0,"115":0,"116":0,"117":0,"118":0,"119":1,"120":0,"121":0,"122":0,"123":0,"124":1,"125":0,"126":0,"127":0,"128":0,"129":1,"130":0,"131":0,"132":1,"133":0,"134":0,"135":0,"136":0,"137":0,"138":0,"139":0,"140":0,"141":0,"142":0,"143":0,"144":0,"145":0,"146":0,"147":0,"148":0,"149":0,"150":0,"151":0,"152":0,"153":1,"154":0,"155":0,"156":0,"157":0,"158":0,"159":0,"160":0,"161":0,"162":0,"163":0,"164":0,"165":0,"166":0,"167":0,"168":0,"169":0,"170":0,"171":0,"172":1,"173":0,"174":0},"b":{"1":[1,0],"2":[0,0],"3":[0,0],"4":[0,0],"5":[0,0],"6":[0,0],"7":[0,0],"8":[0,0],"9":[0,0],"10":[0,0],"11":[0,0],"12":[0,0],"13":[0,0],"14":[0,0],"15":[0,0],"16":[0,0]},"f":{"1":1,"2":0,"3":0,"4":0,"5":0,"6":0,"7":0,"8":0,"9":0,"10":0,"11":0,"12":0,"13":0,"14":0,"15":0,"16":0,"17":0,"18":0,"19":0,"20":0,"21":0,"22":0,"23":0,"24":0,"25":0,"26":0,"27":0,"28":0,"29":0,"30":0,"31":0,"32":0,"33":0,"34":0,"35":0,"36":0,"37":0,"38":0,"39":0,"40":0,"41":0,"42":0},"fnMap":{"1":{"name":"(anonymous_1)","line":3,"loc":{"start":{"line":3,"column":1},"end":{"line":3,"column":20}}},"2":{"name":"(anonymous_2)","line":6,"loc":{"start":{"line":6,"column":38},"end":{"line":6,"column":49}}},"3":{"name":"(anonymous_3)","line":8,"loc":{"start":{"line":8,"column":17},"end":{"line":8,"column":36}}},"4":{"name":"getserviceManualTopic","line":34,"loc":{"start":{"line":34,"column":6},"end":{"line":34,"column":39}}},"5":{"name":"replaceSpacesWithUnderscores","line":38,"loc":{"start":{"line":38,"column":6},"end":{"line":38,"column":49}}},"6":{"name":"serviceManualTopicPrefix","line":42,"loc":{"start":{"line":42,"column":6},"end":{"line":42,"column":42}}},"7":{"name":"addOpenCloseAllButton","line":50,"loc":{"start":{"line":50,"column":6},"end":{"line":50,"column":39}}},"8":{"name":"addButtonsToSubsections","line":54,"loc":{"start":{"line":54,"column":6},"end":{"line":54,"column":41}}},"9":{"name":"(anonymous_9)","line":58,"loc":{"start":{"line":58,"column":30},"end":{"line":58,"column":46}}},"10":{"name":"addIconsToSubsections","line":63,"loc":{"start":{"line":63,"column":6},"end":{"line":63,"column":39}}},"11":{"name":"addAriaControlsAttrForOpenCloseAllButton","line":67,"loc":{"start":{"line":67,"column":6},"end":{"line":67,"column":58}}},"12":{"name":"closeAllSections","line":80,"loc":{"start":{"line":80,"column":6},"end":{"line":80,"column":34}}},"13":{"name":"(anonymous_13)","line":81,"loc":{"start":{"line":81,"column":48},"end":{"line":81,"column":60}}},"14":{"name":"openLinkedSection","line":87,"loc":{"start":{"line":87,"column":6},"end":{"line":87,"column":35}}},"15":{"name":"getActiveAnchor","line":103,"loc":{"start":{"line":103,"column":6},"end":{"line":103,"column":33}}},"16":{"name":"checkSessionStorage","line":107,"loc":{"start":{"line":107,"column":6},"end":{"line":107,"column":37}}},"17":{"name":"(anonymous_17)","line":111,"loc":{"start":{"line":111,"column":32},"end":{"line":111,"column":48}}},"18":{"name":"setSessionStorage","line":121,"loc":{"start":{"line":121,"column":6},"end":{"line":121,"column":35}}},"19":{"name":"(anonymous_19)","line":125,"loc":{"start":{"line":125,"column":32},"end":{"line":125,"column":48}}},"20":{"name":"removeSessionStorage","line":132,"loc":{"start":{"line":132,"column":6},"end":{"line":132,"column":38}}},"21":{"name":"(anonymous_21)","line":136,"loc":{"start":{"line":136,"column":34},"end":{"line":136,"column":50}}},"22":{"name":"bindToggleForSubsections","line":143,"loc":{"start":{"line":143,"column":6},"end":{"line":143,"column":42}}},"23":{"name":"(anonymous_23)","line":144,"loc":{"start":{"line":144,"column":57},"end":{"line":144,"column":73}}},"24":{"name":"bindToggleOpenCloseAllButton","line":161,"loc":{"start":{"line":161,"column":6},"end":{"line":161,"column":46}}},"25":{"name":"(anonymous_25)","line":163,"loc":{"start":{"line":163,"column":42},"end":{"line":163,"column":54}}},"26":{"name":"(anonymous_26)","line":185,"loc":{"start":{"line":185,"column":47},"end":{"line":185,"column":58}}},"27":{"name":"openStoredSections","line":213,"loc":{"start":{"line":213,"column":6},"end":{"line":213,"column":51}}},"28":{"name":"setOpenCloseAllText","line":221,"loc":{"start":{"line":221,"column":6},"end":{"line":221,"column":37}}},"29":{"name":"isSubsectionClosed","line":231,"loc":{"start":{"line":231,"column":6},"end":{"line":231,"column":47}}},"30":{"name":"SubsectionView","line":239,"loc":{"start":{"line":239,"column":4},"end":{"line":239,"column":49}}},"31":{"name":"(anonymous_31)","line":250,"loc":{"start":{"line":250,"column":20},"end":{"line":250,"column":32}}},"32":{"name":"(anonymous_32)","line":258,"loc":{"start":{"line":258,"column":18},"end":{"line":258,"column":30}}},"33":{"name":"(anonymous_33)","line":268,"loc":{"start":{"line":268,"column":19},"end":{"line":268,"column":31}}},"34":{"name":"(anonymous_34)","line":278,"loc":{"start":{"line":278,"column":22},"end":{"line":278,"column":34}}},"35":{"name":"SubsectionToggleClick","line":286,"loc":{"start":{"line":286,"column":4},"end":{"line":286,"column":59}}},"36":{"name":"(anonymous_36)","line":291,"loc":{"start":{"line":291,"column":19},"end":{"line":291,"column":31}}},"37":{"name":"(anonymous_37)","line":295,"loc":{"start":{"line":295,"column":29},"end":{"line":295,"column":41}}},"38":{"name":"(anonymous_38)","line":299,"loc":{"start":{"line":299,"column":28},"end":{"line":299,"column":40}}},"39":{"name":"(anonymous_39)","line":309,"loc":{"start":{"line":309,"column":28},"end":{"line":309,"column":40}}},"40":{"name":"(anonymous_40)","line":313,"loc":{"start":{"line":313,"column":31},"end":{"line":313,"column":43}}},"41":{"name":"(anonymous_41)","line":317,"loc":{"start":{"line":317,"column":23},"end":{"line":317,"column":35}}},"42":{"name":"track","line":324,"loc":{"start":{"line":324,"column":4},"end":{"line":324,"column":46}}}},"statementMap":{"1":{"start":{"line":1,"column":0},"end":{"line":1,"column":50}},"2":{"start":{"line":3,"column":0},"end":{"line":330,"column":25}},"3":{"start":{"line":6,"column":2},"end":{"line":329,"column":4}},"4":{"start":{"line":8,"column":4},"end":{"line":237,"column":5}},"5":{"start":{"line":11,"column":6},"end":{"line":11,"column":58}},"6":{"start":{"line":14,"column":6},"end":{"line":14,"column":40}},"7":{"start":{"line":16,"column":6},"end":{"line":16,"column":68}},"8":{"start":{"line":17,"column":6},"end":{"line":17,"column":74}},"9":{"start":{"line":19,"column":6},"end":{"line":19,"column":32}},"10":{"start":{"line":20,"column":6},"end":{"line":20,"column":63}},"11":{"start":{"line":22,"column":6},"end":{"line":22,"column":30}},"12":{"start":{"line":23,"column":6},"end":{"line":23,"column":32}},"13":{"start":{"line":24,"column":6},"end":{"line":24,"column":30}},"14":{"start":{"line":25,"column":6},"end":{"line":25,"column":49}},"15":{"start":{"line":27,"column":6},"end":{"line":27,"column":25}},"16":{"start":{"line":28,"column":6},"end":{"line":28,"column":28}},"17":{"start":{"line":29,"column":6},"end":{"line":29,"column":26}},"18":{"start":{"line":31,"column":6},"end":{"line":31,"column":33}},"19":{"start":{"line":32,"column":6},"end":{"line":32,"column":37}},"20":{"start":{"line":34,"column":6},"end":{"line":36,"column":7}},"21":{"start":{"line":35,"column":8},"end":{"line":35,"column":30}},"22":{"start":{"line":38,"column":6},"end":{"line":40,"column":7}},"23":{"start":{"line":39,"column":8},"end":{"line":39,"column":39}},"24":{"start":{"line":42,"column":6},"end":{"line":48,"column":7}},"25":{"start":{"line":43,"column":8},"end":{"line":43,"column":44}},"26":{"start":{"line":44,"column":8},"end":{"line":44,"column":52}},"27":{"start":{"line":45,"column":8},"end":{"line":45,"column":36}},"28":{"start":{"line":47,"column":8},"end":{"line":47,"column":53}},"29":{"start":{"line":50,"column":6},"end":{"line":52,"column":7}},"30":{"start":{"line":51,"column":8},"end":{"line":51,"column":140}},"31":{"start":{"line":54,"column":6},"end":{"line":61,"column":7}},"32":{"start":{"line":55,"column":8},"end":{"line":55,"column":67}},"33":{"start":{"line":58,"column":8},"end":{"line":60,"column":11}},"34":{"start":{"line":59,"column":10},"end":{"line":59,"column":169}},"35":{"start":{"line":63,"column":6},"end":{"line":65,"column":7}},"36":{"start":{"line":64,"column":8},"end":{"line":64,"column":78}},"37":{"start":{"line":67,"column":6},"end":{"line":78,"column":7}},"38":{"start":{"line":69,"column":8},"end":{"line":69,"column":35}},"39":{"start":{"line":70,"column":8},"end":{"line":72,"column":9}},"40":{"start":{"line":71,"column":10},"end":{"line":71,"column":59}},"41":{"start":{"line":74,"column":8},"end":{"line":74,"column":80}},"42":{"start":{"line":77,"column":8},"end":{"line":77,"column":71}},"43":{"start":{"line":80,"column":6},"end":{"line":85,"column":7}},"44":{"start":{"line":81,"column":8},"end":{"line":84,"column":11}},"45":{"start":{"line":82,"column":10},"end":{"line":82,"column":59}},"46":{"start":{"line":83,"column":10},"end":{"line":83,"column":33}},"47":{"start":{"line":87,"column":6},"end":{"line":101,"column":7}},"48":{"start":{"line":88,"column":8},"end":{"line":89,"column":24}},"49":{"start":{"line":91,"column":8},"end":{"line":93,"column":9}},"50":{"start":{"line":92,"column":10},"end":{"line":92,"column":17}},"51":{"start":{"line":95,"column":8},"end":{"line":95,"column":70}},"52":{"start":{"line":97,"column":8},"end":{"line":100,"column":9}},"53":{"start":{"line":98,"column":10},"end":{"line":98,"column":63}},"54":{"start":{"line":99,"column":10},"end":{"line":99,"column":32}},"55":{"start":{"line":103,"column":6},"end":{"line":105,"column":7}},"56":{"start":{"line":104,"column":8},"end":{"line":104,"column":47}},"57":{"start":{"line":107,"column":6},"end":{"line":119,"column":7}},"58":{"start":{"line":109,"column":8},"end":{"line":109,"column":71}},"59":{"start":{"line":111,"column":8},"end":{"line":116,"column":11}},"60":{"start":{"line":112,"column":10},"end":{"line":112,"column":55}},"61":{"start":{"line":113,"column":10},"end":{"line":115,"column":11}},"62":{"start":{"line":114,"column":12},"end":{"line":114,"column":71}},"63":{"start":{"line":118,"column":8},"end":{"line":118,"column":30}},"64":{"start":{"line":121,"column":6},"end":{"line":130,"column":7}},"65":{"start":{"line":122,"column":8},"end":{"line":122,"column":77}},"66":{"start":{"line":123,"column":8},"end":{"line":129,"column":9}},"67":{"start":{"line":124,"column":10},"end":{"line":124,"column":71}},"68":{"start":{"line":125,"column":10},"end":{"line":128,"column":13}},"69":{"start":{"line":126,"column":12},"end":{"line":126,"column":90}},"70":{"start":{"line":127,"column":12},"end":{"line":127,"column":96}},"71":{"start":{"line":132,"column":6},"end":{"line":141,"column":7}},"72":{"start":{"line":133,"column":8},"end":{"line":133,"column":70}},"73":{"start":{"line":134,"column":8},"end":{"line":140,"column":9}},"74":{"start":{"line":135,"column":10},"end":{"line":135,"column":64}},"75":{"start":{"line":136,"column":10},"end":{"line":139,"column":13}},"76":{"start":{"line":137,"column":12},"end":{"line":137,"column":92}},"77":{"start":{"line":138,"column":12},"end":{"line":138,"column":118}},"78":{"start":{"line":143,"column":6},"end":{"line":159,"column":7}},"79":{"start":{"line":144,"column":8},"end":{"line":158,"column":11}},"80":{"start":{"line":145,"column":10},"end":{"line":145,"column":42}},"81":{"start":{"line":146,"column":10},"end":{"line":146,"column":71}},"82":{"start":{"line":147,"column":10},"end":{"line":147,"column":63}},"83":{"start":{"line":149,"column":10},"end":{"line":149,"column":34}},"84":{"start":{"line":150,"column":10},"end":{"line":150,"column":32}},"85":{"start":{"line":151,"column":10},"end":{"line":151,"column":30}},"86":{"start":{"line":152,"column":10},"end":{"line":152,"column":33}},"87":{"start":{"line":154,"column":10},"end":{"line":154,"column":87}},"88":{"start":{"line":155,"column":10},"end":{"line":155,"column":40}},"89":{"start":{"line":157,"column":10},"end":{"line":157,"column":23}},"90":{"start":{"line":161,"column":6},"end":{"line":211,"column":7}},"91":{"start":{"line":162,"column":8},"end":{"line":162,"column":80}},"92":{"start":{"line":163,"column":8},"end":{"line":210,"column":11}},"93":{"start":{"line":164,"column":10},"end":{"line":164,"column":26}},"94":{"start":{"line":167,"column":10},"end":{"line":183,"column":11}},"95":{"start":{"line":168,"column":12},"end":{"line":168,"column":52}},"96":{"start":{"line":169,"column":12},"end":{"line":169,"column":64}},"97":{"start":{"line":170,"column":12},"end":{"line":170,"column":28}},"98":{"start":{"line":172,"column":12},"end":{"line":174,"column":15}},"99":{"start":{"line":176,"column":12},"end":{"line":176,"column":51}},"100":{"start":{"line":177,"column":12},"end":{"line":177,"column":65}},"101":{"start":{"line":178,"column":12},"end":{"line":178,"column":29}},"102":{"start":{"line":180,"column":12},"end":{"line":182,"column":15}},"103":{"start":{"line":185,"column":10},"end":{"line":201,"column":13}},"104":{"start":{"line":186,"column":12},"end":{"line":186,"column":38}},"105":{"start":{"line":187,"column":12},"end":{"line":187,"column":68}},"106":{"start":{"line":188,"column":12},"end":{"line":188,"column":80}},"107":{"start":{"line":190,"column":12},"end":{"line":200,"column":13}},"108":{"start":{"line":191,"column":14},"end":{"line":191,"column":52}},"109":{"start":{"line":192,"column":14},"end":{"line":192,"column":58}},"110":{"start":{"line":193,"column":14},"end":{"line":193,"column":52}},"111":{"start":{"line":194,"column":14},"end":{"line":194,"column":58}},"112":{"start":{"line":196,"column":14},"end":{"line":196,"column":53}},"113":{"start":{"line":197,"column":14},"end":{"line":197,"column":55}},"114":{"start":{"line":198,"column":14},"end":{"line":198,"column":49}},"115":{"start":{"line":199,"column":14},"end":{"line":199,"column":61}},"116":{"start":{"line":204,"column":10},"end":{"line":204,"column":30}},"117":{"start":{"line":207,"column":10},"end":{"line":207,"column":33}},"118":{"start":{"line":209,"column":10},"end":{"line":209,"column":23}},"119":{"start":{"line":213,"column":6},"end":{"line":219,"column":7}},"120":{"start":{"line":214,"column":8},"end":{"line":214,"column":67}},"121":{"start":{"line":215,"column":8},"end":{"line":215,"column":61}},"122":{"start":{"line":216,"column":8},"end":{"line":216,"column":30}},"123":{"start":{"line":218,"column":8},"end":{"line":218,"column":30}},"124":{"start":{"line":221,"column":6},"end":{"line":229,"column":7}},"125":{"start":{"line":222,"column":8},"end":{"line":222,"column":75}},"126":{"start":{"line":224,"column":8},"end":{"line":228,"column":9}},"127":{"start":{"line":225,"column":10},"end":{"line":225,"column":50}},"128":{"start":{"line":227,"column":10},"end":{"line":227,"column":49}},"129":{"start":{"line":231,"column":6},"end":{"line":235,"column":7}},"130":{"start":{"line":232,"column":8},"end":{"line":232,"column":76}},"131":{"start":{"line":234,"column":8},"end":{"line":234,"column":56}},"132":{"start":{"line":239,"column":4},"end":{"line":281,"column":5}},"133":{"start":{"line":240,"column":6},"end":{"line":240,"column":22}},"134":{"start":{"line":243,"column":6},"end":{"line":243,"column":82}},"135":{"start":{"line":246,"column":6},"end":{"line":246,"column":80}},"136":{"start":{"line":248,"column":6},"end":{"line":248,"column":49}},"137":{"start":{"line":250,"column":6},"end":{"line":256,"column":7}},"138":{"start":{"line":251,"column":8},"end":{"line":255,"column":9}},"139":{"start":{"line":252,"column":10},"end":{"line":252,"column":22}},"140":{"start":{"line":254,"column":10},"end":{"line":254,"column":23}},"141":{"start":{"line":258,"column":6},"end":{"line":266,"column":7}},"142":{"start":{"line":260,"column":8},"end":{"line":260,"column":57}},"143":{"start":{"line":262,"column":8},"end":{"line":262,"column":53}},"144":{"start":{"line":263,"column":8},"end":{"line":263,"column":59}},"145":{"start":{"line":265,"column":8},"end":{"line":265,"column":61}},"146":{"start":{"line":268,"column":6},"end":{"line":276,"column":7}},"147":{"start":{"line":270,"column":8},"end":{"line":270,"column":54}},"148":{"start":{"line":272,"column":8},"end":{"line":272,"column":62}},"149":{"start":{"line":273,"column":8},"end":{"line":273,"column":50}},"150":{"start":{"line":275,"column":8},"end":{"line":275,"column":62}},"151":{"start":{"line":278,"column":6},"end":{"line":280,"column":7}},"152":{"start":{"line":279,"column":8},"end":{"line":279,"column":61}},"153":{"start":{"line":286,"column":4},"end":{"line":320,"column":5}},"154":{"start":{"line":287,"column":6},"end":{"line":287,"column":22}},"155":{"start":{"line":289,"column":6},"end":{"line":289,"column":37}},"156":{"start":{"line":291,"column":6},"end":{"line":293,"column":7}},"157":{"start":{"line":292,"column":8},"end":{"line":292,"column":98}},"158":{"start":{"line":295,"column":6},"end":{"line":297,"column":7}},"159":{"start":{"line":296,"column":8},"end":{"line":296,"column":83}},"160":{"start":{"line":299,"column":6},"end":{"line":307,"column":7}},"161":{"start":{"line":300,"column":8},"end":{"line":306,"column":9}},"162":{"start":{"line":301,"column":10},"end":{"line":301,"column":76}},"163":{"start":{"line":302,"column":15},"end":{"line":306,"column":9}},"164":{"start":{"line":303,"column":10},"end":{"line":303,"column":59}},"165":{"start":{"line":305,"column":10},"end":{"line":305,"column":61}},"166":{"start":{"line":309,"column":6},"end":{"line":311,"column":7}},"167":{"start":{"line":310,"column":8},"end":{"line":310,"column":57}},"168":{"start":{"line":313,"column":6},"end":{"line":315,"column":7}},"169":{"start":{"line":314,"column":8},"end":{"line":314,"column":61}},"170":{"start":{"line":317,"column":6},"end":{"line":319,"column":7}},"171":{"start":{"line":318,"column":8},"end":{"line":318,"column":62}},"172":{"start":{"line":324,"column":4},"end":{"line":328,"column":5}},"173":{"start":{"line":325,"column":6},"end":{"line":327,"column":7}},"174":{"start":{"line":326,"column":8},"end":{"line":326,"column":62}}},"branchMap":{"1":{"line":1,"type":"binary-expr","locations":[{"start":{"line":1,"column":23},"end":{"line":1,"column":43}},{"start":{"line":1,"column":47},"end":{"line":1,"column":49}}]},"2":{"line":91,"type":"if","locations":[{"start":{"line":91,"column":8},"end":{"line":91,"column":8}},{"start":{"line":91,"column":8},"end":{"line":91,"column":8}}]},"3":{"line":97,"type":"if","locations":[{"start":{"line":97,"column":8},"end":{"line":97,"column":8}},{"start":{"line":97,"column":8},"end":{"line":97,"column":8}}]},"4":{"line":113,"type":"if","locations":[{"start":{"line":113,"column":10},"end":{"line":113,"column":10}},{"start":{"line":113,"column":10},"end":{"line":113,"column":10}}]},"5":{"line":123,"type":"if","locations":[{"start":{"line":123,"column":8},"end":{"line":123,"column":8}},{"start":{"line":123,"column":8},"end":{"line":123,"column":8}}]},"6":{"line":134,"type":"if","locations":[{"start":{"line":134,"column":8},"end":{"line":134,"column":8}},{"start":{"line":134,"column":8},"end":{"line":134,"column":8}}]},"7":{"line":167,"type":"if","locations":[{"start":{"line":167,"column":10},"end":{"line":167,"column":10}},{"start":{"line":167,"column":10},"end":{"line":167,"column":10}}]},"8":{"line":190,"type":"if","locations":[{"start":{"line":190,"column":12},"end":{"line":190,"column":12}},{"start":{"line":190,"column":12},"end":{"line":190,"column":12}}]},"9":{"line":224,"type":"if","locations":[{"start":{"line":224,"column":8},"end":{"line":224,"column":8}},{"start":{"line":224,"column":8},"end":{"line":224,"column":8}}]},"10":{"line":251,"type":"if","locations":[{"start":{"line":251,"column":8},"end":{"line":251,"column":8}},{"start":{"line":251,"column":8},"end":{"line":251,"column":8}}]},"11":{"line":296,"type":"cond-expr","locations":[{"start":{"line":296,"column":44},"end":{"line":296,"column":61}},{"start":{"line":296,"column":64},"end":{"line":296,"column":81}}]},"12":{"line":300,"type":"if","locations":[{"start":{"line":300,"column":8},"end":{"line":300,"column":8}},{"start":{"line":300,"column":8},"end":{"line":300,"column":8}}]},"13":{"line":302,"type":"if","locations":[{"start":{"line":302,"column":15},"end":{"line":302,"column":15}},{"start":{"line":302,"column":15},"end":{"line":302,"column":15}}]},"14":{"line":318,"type":"cond-expr","locations":[{"start":{"line":318,"column":44},"end":{"line":318,"column":51}},{"start":{"line":318,"column":54},"end":{"line":318,"column":60}}]},"15":{"line":325,"type":"if","locations":[{"start":{"line":325,"column":6},"end":{"line":325,"column":6}},{"start":{"line":325,"column":6},"end":{"line":325,"column":6}}]},"16":{"line":325,"type":"binary-expr","locations":[{"start":{"line":325,"column":10},"end":{"line":325,"column":25}},{"start":{"line":325,"column":29},"end":{"line":325,"column":55}}]}}},"/govuk/service-manual-frontend/app/assets/javascripts.bak/modules/highlight-active-section-heading.js":{"path":"/govuk/service-manual-frontend/app/assets/javascripts.bak/modules/highlight-active-section-heading.js","s":{"1":1,"2":1,"3":1,"4":1,"5":2,"6":2,"7":2,"8":2,"9":2,"10":2,"11":0,"12":2,"13":0,"14":2,"15":0,"16":2,"17":2,"18":2,"19":2,"20":2,"21":2,"22":2,"23":2,"24":2,"25":2,"26":0,"27":0,"28":2,"29":0,"30":0,"31":2,"32":30701,"33":2,"34":2,"35":2,"36":30701,"37":2,"38":2,"39":2,"40":0,"41":2,"42":2,"43":2,"44":6,"45":6,"46":2,"47":0,"48":2,"49":0,"50":2,"51":0,"52":2,"53":6,"54":6,"55":2,"56":2,"57":2,"58":2,"59":6,"60":6,"61":6,"62":6,"63":6,"64":6,"65":0,"66":6,"67":6,"68":6,"69":4,"70":6,"71":6,"72":4,"73":2,"74":6,"75":3,"76":2,"77":3,"78":3,"79":2,"80":0},"b":{"1":[2,30699],"2":[2,30699],"3":[0,2],"4":[0,6],"5":[4,2],"6":[4,2],"7":[4,2],"8":[2,1],"9":[3,3]},"f":{"1":1,"2":2,"3":0,"4":0,"5":0,"6":2,"7":0,"8":0,"9":30701,"10":30701,"11":2,"12":6,"13":0,"14":0,"15":0,"16":6,"17":2,"18":6,"19":3,"20":0},"fnMap":{"1":{"name":"(anonymous_1)","line":1,"loc":{"start":{"line":1,"column":2},"end":{"line":1,"column":27}}},"2":{"name":"(anonymous_2)","line":7,"loc":{"start":{"line":7,"column":42},"end":{"line":7,"column":54}}},"3":{"name":"(anonymous_3)","line":14,"loc":{"start":{"line":14,"column":31},"end":{"line":14,"column":43}}},"4":{"name":"(anonymous_4)","line":21,"loc":{"start":{"line":21,"column":30},"end":{"line":21,"column":42}}},"5":{"name":"(anonymous_5)","line":27,"loc":{"start":{"line":27,"column":28},"end":{"line":27,"column":43}}},"6":{"name":"(anonymous_6)","line":31,"loc":{"start":{"line":31,"column":17},"end":{"line":31,"column":32}}},"7":{"name":"(anonymous_7)","line":45,"loc":{"start":{"line":45,"column":22},"end":{"line":45,"column":34}}},"8":{"name":"(anonymous_8)","line":50,"loc":{"start":{"line":50,"column":23},"end":{"line":50,"column":35}}},"9":{"name":"(anonymous_9)","line":55,"loc":{"start":{"line":55,"column":23},"end":{"line":55,"column":35}}},"10":{"name":"(anonymous_10)","line":62,"loc":{"start":{"line":62,"column":23},"end":{"line":62,"column":35}}},"11":{"name":"(anonymous_11)","line":74,"loc":{"start":{"line":74,"column":22},"end":{"line":74,"column":34}}},"12":{"name":"(anonymous_12)","line":75,"loc":{"start":{"line":75,"column":28},"end":{"line":75,"column":40}}},"13":{"name":"(anonymous_13)","line":82,"loc":{"start":{"line":82,"column":30},"end":{"line":82,"column":48}}},"14":{"name":"(anonymous_14)","line":86,"loc":{"start":{"line":86,"column":34},"end":{"line":86,"column":56}}},"15":{"name":"(anonymous_15)","line":90,"loc":{"start":{"line":90,"column":29},"end":{"line":90,"column":47}}},"16":{"name":"(anonymous_16)","line":94,"loc":{"start":{"line":94,"column":38},"end":{"line":94,"column":86}}},"17":{"name":"(anonymous_17)","line":99,"loc":{"start":{"line":99,"column":31},"end":{"line":99,"column":43}}},"18":{"name":"(anonymous_18)","line":103,"loc":{"start":{"line":103,"column":28},"end":{"line":103,"column":40}}},"19":{"name":"(anonymous_19)","line":141,"loc":{"start":{"line":141,"column":25},"end":{"line":141,"column":42}}},"20":{"name":"(anonymous_20)","line":146,"loc":{"start":{"line":146,"column":28},"end":{"line":146,"column":40}}}},"statementMap":{"1":{"start":{"line":1,"column":1},"end":{"line":150,"column":32}},"2":{"start":{"line":4,"column":2},"end":{"line":4,"column":16}},"3":{"start":{"line":5,"column":2},"end":{"line":5,"column":23}},"4":{"start":{"line":7,"column":2},"end":{"line":149,"column":3}},"5":{"start":{"line":8,"column":4},"end":{"line":8,"column":19}},"6":{"start":{"line":9,"column":4},"end":{"line":9,"column":26}},"7":{"start":{"line":10,"column":4},"end":{"line":10,"column":27}},"8":{"start":{"line":11,"column":4},"end":{"line":11,"column":22}},"9":{"start":{"line":12,"column":4},"end":{"line":12,"column":22}},"10":{"start":{"line":14,"column":4},"end":{"line":19,"column":5}},"11":{"start":{"line":15,"column":6},"end":{"line":18,"column":7}},"12":{"start":{"line":21,"column":4},"end":{"line":25,"column":5}},"13":{"start":{"line":22,"column":6},"end":{"line":24,"column":7}},"14":{"start":{"line":27,"column":4},"end":{"line":29,"column":5}},"15":{"start":{"line":28,"column":6},"end":{"line":28,"column":25}},"16":{"start":{"line":31,"column":4},"end":{"line":43,"column":5}},"17":{"start":{"line":32,"column":6},"end":{"line":32,"column":37}},"18":{"start":{"line":33,"column":6},"end":{"line":33,"column":38}},"19":{"start":{"line":35,"column":6},"end":{"line":35,"column":46}},"20":{"start":{"line":36,"column":6},"end":{"line":36,"column":46}},"21":{"start":{"line":38,"column":6},"end":{"line":38,"column":53}},"22":{"start":{"line":39,"column":6},"end":{"line":39,"column":23}},"23":{"start":{"line":41,"column":6},"end":{"line":41,"column":24}},"24":{"start":{"line":42,"column":6},"end":{"line":42,"column":24}},"25":{"start":{"line":45,"column":4},"end":{"line":48,"column":5}},"26":{"start":{"line":46,"column":6},"end":{"line":46,"column":24}},"27":{"start":{"line":47,"column":6},"end":{"line":47,"column":24}},"28":{"start":{"line":50,"column":4},"end":{"line":53,"column":5}},"29":{"start":{"line":51,"column":6},"end":{"line":51,"column":25}},"30":{"start":{"line":52,"column":6},"end":{"line":52,"column":25}},"31":{"start":{"line":55,"column":4},"end":{"line":60,"column":5}},"32":{"start":{"line":56,"column":6},"end":{"line":59,"column":7}},"33":{"start":{"line":57,"column":8},"end":{"line":57,"column":27}},"34":{"start":{"line":58,"column":8},"end":{"line":58,"column":27}},"35":{"start":{"line":62,"column":4},"end":{"line":72,"column":5}},"36":{"start":{"line":63,"column":6},"end":{"line":71,"column":7}},"37":{"start":{"line":64,"column":8},"end":{"line":64,"column":28}},"38":{"start":{"line":65,"column":8},"end":{"line":65,"column":57}},"39":{"start":{"line":66,"column":8},"end":{"line":70,"column":9}},"40":{"start":{"line":67,"column":10},"end":{"line":67,"column":33}},"41":{"start":{"line":69,"column":10},"end":{"line":69,"column":36}},"42":{"start":{"line":74,"column":4},"end":{"line":80,"column":5}},"43":{"start":{"line":75,"column":6},"end":{"line":79,"column":8}},"44":{"start":{"line":76,"column":8},"end":{"line":76,"column":43}},"45":{"start":{"line":78,"column":8},"end":{"line":78,"column":32}},"46":{"start":{"line":82,"column":4},"end":{"line":84,"column":5}},"47":{"start":{"line":83,"column":6},"end":{"line":83,"column":28}},"48":{"start":{"line":86,"column":4},"end":{"line":88,"column":5}},"49":{"start":{"line":87,"column":6},"end":{"line":87,"column":32}},"50":{"start":{"line":90,"column":4},"end":{"line":92,"column":5}},"51":{"start":{"line":91,"column":6},"end":{"line":91,"column":28}},"52":{"start":{"line":94,"column":4},"end":{"line":97,"column":5}},"53":{"start":{"line":95,"column":6},"end":{"line":95,"column":75}},"54":{"start":{"line":96,"column":6},"end":{"line":96,"column":36}},"55":{"start":{"line":99,"column":4},"end":{"line":139,"column":5}},"56":{"start":{"line":100,"column":6},"end":{"line":100,"column":70}},"57":{"start":{"line":101,"column":6},"end":{"line":101,"column":63}},"58":{"start":{"line":103,"column":6},"end":{"line":137,"column":8}},"59":{"start":{"line":105,"column":8},"end":{"line":105,"column":32}},"60":{"start":{"line":106,"column":8},"end":{"line":106,"column":40}},"61":{"start":{"line":108,"column":8},"end":{"line":108,"column":29}},"62":{"start":{"line":109,"column":8},"end":{"line":109,"column":37}},"63":{"start":{"line":111,"column":8},"end":{"line":111,"column":61}},"64":{"start":{"line":113,"column":8},"end":{"line":115,"column":9}},"65":{"start":{"line":114,"column":10},"end":{"line":114,"column":16}},"66":{"start":{"line":117,"column":8},"end":{"line":117,"column":45}},"67":{"start":{"line":118,"column":8},"end":{"line":118,"column":46}},"68":{"start":{"line":120,"column":8},"end":{"line":122,"column":9}},"69":{"start":{"line":121,"column":10},"end":{"line":121,"column":79}},"70":{"start":{"line":124,"column":8},"end":{"line":124,"column":107}},"71":{"start":{"line":125,"column":8},"end":{"line":131,"column":9}},"72":{"start":{"line":126,"column":10},"end":{"line":126,"column":145}},"73":{"start":{"line":130,"column":10},"end":{"line":130,"column":120}},"74":{"start":{"line":133,"column":8},"end":{"line":135,"column":9}},"75":{"start":{"line":134,"column":10},"end":{"line":134,"column":35}},"76":{"start":{"line":141,"column":4},"end":{"line":144,"column":5}},"77":{"start":{"line":142,"column":6},"end":{"line":142,"column":41}},"78":{"start":{"line":143,"column":6},"end":{"line":143,"column":71}},"79":{"start":{"line":146,"column":4},"end":{"line":148,"column":5}},"80":{"start":{"line":147,"column":6},"end":{"line":147,"column":41}}},"branchMap":{"1":{"line":56,"type":"if","locations":[{"start":{"line":56,"column":6},"end":{"line":56,"column":6}},{"start":{"line":56,"column":6},"end":{"line":56,"column":6}}]},"2":{"line":63,"type":"if","locations":[{"start":{"line":63,"column":6},"end":{"line":63,"column":6}},{"start":{"line":63,"column":6},"end":{"line":63,"column":6}}]},"3":{"line":66,"type":"if","locations":[{"start":{"line":66,"column":8},"end":{"line":66,"column":8}},{"start":{"line":66,"column":8},"end":{"line":66,"column":8}}]},"4":{"line":113,"type":"if","locations":[{"start":{"line":113,"column":8},"end":{"line":113,"column":8}},{"start":{"line":113,"column":8},"end":{"line":113,"column":8}}]},"5":{"line":120,"type":"if","locations":[{"start":{"line":120,"column":8},"end":{"line":120,"column":8}},{"start":{"line":120,"column":8},"end":{"line":120,"column":8}}]},"6":{"line":125,"type":"if","locations":[{"start":{"line":125,"column":8},"end":{"line":125,"column":8}},{"start":{"line":125,"column":8},"end":{"line":125,"column":8}}]},"7":{"line":126,"type":"binary-expr","locations":[{"start":{"line":126,"column":31},"end":{"line":126,"column":72}},{"start":{"line":126,"column":76},"end":{"line":126,"column":144}}]},"8":{"line":130,"type":"binary-expr","locations":[{"start":{"line":130,"column":31},"end":{"line":130,"column":72}},{"start":{"line":130,"column":76},"end":{"line":130,"column":119}}]},"9":{"line":133,"type":"if","locations":[{"start":{"line":133,"column":8},"end":{"line":133,"column":8}},{"start":{"line":133,"column":8},"end":{"line":133,"column":8}}]}}},"/govuk/service-manual-frontend/app/assets/javascripts.bak/modules/improve-this-page.js":{"path":"/govuk/service-manual-frontend/app/assets/javascripts.bak/modules/improve-this-page.js","s":{"1":1,"2":1,"3":40,"4":40,"5":40,"6":40,"7":40,"8":40,"9":1,"10":40,"11":40,"12":40,"13":40,"14":40,"15":40,"16":40,"17":40,"18":40,"19":40,"20":40,"21":40,"22":40,"23":40,"24":40,"25":40,"26":40,"27":40,"28":40,"29":40,"30":40,"31":6,"32":6,"33":0,"34":6,"35":6,"36":40,"37":20,"38":20,"39":20,"40":20,"41":20,"42":16,"43":4,"44":40,"45":60,"46":60,"47":40,"48":16,"49":40,"50":4,"51":40,"52":7,"53":40,"54":9,"55":40,"56":2,"57":40,"58":7,"59":40,"60":9,"61":40,"62":22,"63":40,"64":8,"65":8,"66":8,"67":11,"68":11,"69":11,"70":11,"71":7,"72":4,"73":8,"74":3,"75":8,"76":40,"77":11,"78":11,"79":11,"80":40,"81":11,"82":40,"83":11,"84":11,"85":11,"86":4,"87":7,"88":7,"89":7,"90":7,"91":7,"92":40,"93":6,"94":6,"95":40,"96":7,"97":40,"98":16,"99":40,"100":11,"101":1,"102":200,"103":38,"104":38,"105":1,"106":40,"107":40,"108":40,"109":40,"110":40,"111":40,"112":40,"113":40,"114":40,"115":40,"116":2,"117":2,"118":40,"119":40,"120":40,"121":7,"122":7,"123":7,"124":40,"125":40,"126":40,"127":9,"128":9,"129":9,"130":40,"131":40,"132":40,"133":4,"134":40,"135":40,"136":40,"137":40,"138":16,"139":4,"140":4,"141":11,"142":11,"143":8,"144":3,"145":3,"146":3,"147":40,"148":22,"149":4,"150":1},"b":{"1":[0,6],"2":[16,4],"3":[7,4],"4":[3,5],"5":[4,7],"6":[11,7],"7":[8,3],"8":[4,18],"9":[22,4]},"f":{"1":1,"2":40,"3":40,"4":40,"5":40,"6":40,"7":40,"8":40,"9":40,"10":6,"11":20,"12":60,"13":16,"14":4,"15":7,"16":9,"17":2,"18":7,"19":9,"20":22,"21":8,"22":11,"23":11,"24":11,"25":11,"26":11,"27":6,"28":7,"29":16,"30":11,"31":200,"32":38,"33":40,"34":40,"35":40,"36":2,"37":40,"38":7,"39":40,"40":9,"41":40,"42":4,"43":40,"44":16,"45":4,"46":11,"47":22},"fnMap":{"1":{"name":"(anonymous_1)","line":1,"loc":{"start":{"line":1,"column":1},"end":{"line":1,"column":20}}},"2":{"name":"ImproveThisPage","line":4,"loc":{"start":{"line":4,"column":2},"end":{"line":4,"column":30}}},"3":{"name":"(anonymous_3)","line":8,"loc":{"start":{"line":8,"column":17},"end":{"line":8,"column":37}}},"4":{"name":"View","line":16,"loc":{"start":{"line":16,"column":2},"end":{"line":16,"column":27}}},"5":{"name":"(anonymous_5)","line":29,"loc":{"start":{"line":29,"column":39},"end":{"line":29,"column":59}}},"6":{"name":"(anonymous_6)","line":33,"loc":{"start":{"line":33,"column":42},"end":{"line":33,"column":62}}},"7":{"name":"(anonymous_7)","line":37,"loc":{"start":{"line":37,"column":43},"end":{"line":37,"column":63}}},"8":{"name":"(anonymous_8)","line":41,"loc":{"start":{"line":41,"column":44},"end":{"line":41,"column":64}}},"9":{"name":"(anonymous_9)","line":45,"loc":{"start":{"line":45,"column":32},"end":{"line":45,"column":52}}},"10":{"name":"(anonymous_10)","line":49,"loc":{"start":{"line":49,"column":23},"end":{"line":49,"column":35}}},"11":{"name":"(anonymous_11)","line":60,"loc":{"start":{"line":60,"column":30},"end":{"line":60,"column":42}}},"12":{"name":"(anonymous_12)","line":75,"loc":{"start":{"line":75,"column":32},"end":{"line":75,"column":57}}},"13":{"name":"(anonymous_13)","line":80,"loc":{"start":{"line":80,"column":37},"end":{"line":80,"column":49}}},"14":{"name":"(anonymous_14)","line":84,"loc":{"start":{"line":84,"column":49},"end":{"line":84,"column":61}}},"15":{"name":"(anonymous_15)","line":88,"loc":{"start":{"line":88,"column":36},"end":{"line":88,"column":56}}},"16":{"name":"(anonymous_16)","line":92,"loc":{"start":{"line":92,"column":37},"end":{"line":92,"column":57}}},"17":{"name":"(anonymous_17)","line":96,"loc":{"start":{"line":96,"column":40},"end":{"line":96,"column":52}}},"18":{"name":"(anonymous_18)","line":100,"loc":{"start":{"line":100,"column":43},"end":{"line":100,"column":55}}},"19":{"name":"(anonymous_19)","line":104,"loc":{"start":{"line":104,"column":44},"end":{"line":104,"column":56}}},"20":{"name":"(anonymous_20)","line":108,"loc":{"start":{"line":108,"column":31},"end":{"line":108,"column":48}}},"21":{"name":"(anonymous_21)","line":115,"loc":{"start":{"line":115,"column":24},"end":{"line":115,"column":42}}},"22":{"name":"(anonymous_22)","line":119,"loc":{"start":{"line":119,"column":21},"end":{"line":119,"column":49}}},"23":{"name":"(anonymous_23)","line":120,"loc":{"start":{"line":120,"column":25},"end":{"line":120,"column":51}}},"24":{"name":"(anonymous_24)","line":148,"loc":{"start":{"line":148,"column":23},"end":{"line":148,"column":35}}},"25":{"name":"(anonymous_25)","line":162,"loc":{"start":{"line":162,"column":27},"end":{"line":162,"column":38}}},"26":{"name":"(anonymous_26)","line":168,"loc":{"start":{"line":168,"column":27},"end":{"line":168,"column":51}}},"27":{"name":"(anonymous_27)","line":194,"loc":{"start":{"line":194,"column":27},"end":{"line":194,"column":51}}},"28":{"name":"(anonymous_28)","line":206,"loc":{"start":{"line":206,"column":31},"end":{"line":206,"column":47}}},"29":{"name":"(anonymous_29)","line":213,"loc":{"start":{"line":213,"column":39},"end":{"line":213,"column":51}}},"30":{"name":"(anonymous_30)","line":217,"loc":{"start":{"line":217,"column":38},"end":{"line":217,"column":50}}},"31":{"name":"preventingDefault","line":221,"loc":{"start":{"line":221,"column":4},"end":{"line":221,"column":41}}},"32":{"name":"(anonymous_32)","line":222,"loc":{"start":{"line":222,"column":13},"end":{"line":222,"column":30}}},"33":{"name":"Controller","line":229,"loc":{"start":{"line":229,"column":2},"end":{"line":229,"column":29}}},"34":{"name":"(anonymous_34)","line":232,"loc":{"start":{"line":232,"column":16},"end":{"line":232,"column":28}}},"35":{"name":"(anonymous_35)","line":243,"loc":{"start":{"line":243,"column":34},"end":{"line":243,"column":46}}},"36":{"name":"(anonymous_36)","line":244,"loc":{"start":{"line":244,"column":20},"end":{"line":244,"column":32}}},"37":{"name":"(anonymous_37)","line":253,"loc":{"start":{"line":253,"column":37},"end":{"line":253,"column":49}}},"38":{"name":"(anonymous_38)","line":254,"loc":{"start":{"line":254,"column":20},"end":{"line":254,"column":32}}},"39":{"name":"(anonymous_39)","line":264,"loc":{"start":{"line":264,"column":38},"end":{"line":264,"column":50}}},"40":{"name":"(anonymous_40)","line":265,"loc":{"start":{"line":265,"column":20},"end":{"line":265,"column":32}}},"41":{"name":"(anonymous_41)","line":275,"loc":{"start":{"line":275,"column":39},"end":{"line":275,"column":51}}},"42":{"name":"(anonymous_42)","line":276,"loc":{"start":{"line":276,"column":20},"end":{"line":276,"column":32}}},"43":{"name":"(anonymous_43)","line":282,"loc":{"start":{"line":282,"column":36},"end":{"line":282,"column":48}}},"44":{"name":"(anonymous_44)","line":286,"loc":{"start":{"line":286,"column":32},"end":{"line":286,"column":44}}},"45":{"name":"(anonymous_45)","line":292,"loc":{"start":{"line":292,"column":14},"end":{"line":292,"column":26}}},"46":{"name":"(anonymous_46)","line":296,"loc":{"start":{"line":296,"column":14},"end":{"line":296,"column":29}}},"47":{"name":"(anonymous_47)","line":316,"loc":{"start":{"line":316,"column":22},"end":{"line":316,"column":49}}}},"statementMap":{"1":{"start":{"line":1,"column":0},"end":{"line":324,"column":25}},"2":{"start":{"line":4,"column":2},"end":{"line":14,"column":3}},"3":{"start":{"line":5,"column":4},"end":{"line":5,"column":27}},"4":{"start":{"line":6,"column":4},"end":{"line":6,"column":21}},"5":{"start":{"line":8,"column":4},"end":{"line":13,"column":5}},"6":{"start":{"line":9,"column":6},"end":{"line":9,"column":37}},"7":{"start":{"line":10,"column":6},"end":{"line":10,"column":50}},"8":{"start":{"line":12,"column":6},"end":{"line":12,"column":29}},"9":{"start":{"line":16,"column":2},"end":{"line":227,"column":3}},"10":{"start":{"line":17,"column":4},"end":{"line":17,"column":20}},"11":{"start":{"line":19,"column":4},"end":{"line":19,"column":67}},"12":{"start":{"line":20,"column":4},"end":{"line":20,"column":74}},"13":{"start":{"line":21,"column":4},"end":{"line":21,"column":75}},"14":{"start":{"line":22,"column":4},"end":{"line":22,"column":69}},"15":{"start":{"line":23,"column":4},"end":{"line":23,"column":66}},"16":{"start":{"line":24,"column":4},"end":{"line":24,"column":87}},"17":{"start":{"line":25,"column":4},"end":{"line":25,"column":96}},"18":{"start":{"line":26,"column":4},"end":{"line":26,"column":47}},"19":{"start":{"line":27,"column":4},"end":{"line":27,"column":33}},"20":{"start":{"line":29,"column":4},"end":{"line":31,"column":5}},"21":{"start":{"line":30,"column":6},"end":{"line":30,"column":72}},"22":{"start":{"line":33,"column":4},"end":{"line":35,"column":5}},"23":{"start":{"line":34,"column":6},"end":{"line":34,"column":75}},"24":{"start":{"line":37,"column":4},"end":{"line":39,"column":5}},"25":{"start":{"line":38,"column":6},"end":{"line":38,"column":76}},"26":{"start":{"line":41,"column":4},"end":{"line":43,"column":5}},"27":{"start":{"line":42,"column":6},"end":{"line":42,"column":77}},"28":{"start":{"line":45,"column":4},"end":{"line":47,"column":5}},"29":{"start":{"line":46,"column":6},"end":{"line":46,"column":67}},"30":{"start":{"line":49,"column":4},"end":{"line":58,"column":5}},"31":{"start":{"line":50,"column":6},"end":{"line":50,"column":96}},"32":{"start":{"line":52,"column":6},"end":{"line":54,"column":7}},"33":{"start":{"line":53,"column":8},"end":{"line":53,"column":34}},"34":{"start":{"line":56,"column":6},"end":{"line":56,"column":71}},"35":{"start":{"line":57,"column":6},"end":{"line":57,"column":27}},"36":{"start":{"line":60,"column":4},"end":{"line":73,"column":5}},"37":{"start":{"line":61,"column":6},"end":{"line":61,"column":44}},"38":{"start":{"line":62,"column":6},"end":{"line":62,"column":59}},"39":{"start":{"line":64,"column":6},"end":{"line":64,"column":77}},"40":{"start":{"line":66,"column":6},"end":{"line":66,"column":46}},"41":{"start":{"line":68,"column":6},"end":{"line":72,"column":7}},"42":{"start":{"line":69,"column":8},"end":{"line":69,"column":72}},"43":{"start":{"line":71,"column":8},"end":{"line":71,"column":30}},"44":{"start":{"line":75,"column":4},"end":{"line":78,"column":5}},"45":{"start":{"line":76,"column":6},"end":{"line":76,"column":70}},"46":{"start":{"line":77,"column":6},"end":{"line":77,"column":84}},"47":{"start":{"line":80,"column":4},"end":{"line":82,"column":5}},"48":{"start":{"line":81,"column":6},"end":{"line":81,"column":77}},"49":{"start":{"line":84,"column":4},"end":{"line":86,"column":5}},"50":{"start":{"line":85,"column":6},"end":{"line":85,"column":67}},"51":{"start":{"line":88,"column":4},"end":{"line":90,"column":5}},"52":{"start":{"line":89,"column":6},"end":{"line":89,"column":50}},"53":{"start":{"line":92,"column":4},"end":{"line":94,"column":5}},"54":{"start":{"line":93,"column":6},"end":{"line":93,"column":51}},"55":{"start":{"line":96,"column":4},"end":{"line":98,"column":5}},"56":{"start":{"line":97,"column":6},"end":{"line":97,"column":64}},"57":{"start":{"line":100,"column":4},"end":{"line":102,"column":5}},"58":{"start":{"line":101,"column":6},"end":{"line":101,"column":67}},"59":{"start":{"line":104,"column":4},"end":{"line":106,"column":5}},"60":{"start":{"line":105,"column":6},"end":{"line":105,"column":68}},"61":{"start":{"line":108,"column":4},"end":{"line":113,"column":5}},"62":{"start":{"line":109,"column":6},"end":{"line":112,"column":7}},"63":{"start":{"line":115,"column":4},"end":{"line":146,"column":5}},"64":{"start":{"line":116,"column":6},"end":{"line":116,"column":25}},"65":{"start":{"line":117,"column":6},"end":{"line":117,"column":29}},"66":{"start":{"line":119,"column":6},"end":{"line":134,"column":9}},"67":{"start":{"line":120,"column":8},"end":{"line":133,"column":11}},"68":{"start":{"line":122,"column":10},"end":{"line":122,"column":82}},"69":{"start":{"line":123,"column":10},"end":{"line":123,"column":68}},"70":{"start":{"line":127,"column":10},"end":{"line":129,"column":11}},"71":{"start":{"line":128,"column":12},"end":{"line":128,"column":19}},"72":{"start":{"line":132,"column":10},"end":{"line":132,"column":43}},"73":{"start":{"line":136,"column":6},"end":{"line":143,"column":7}},"74":{"start":{"line":137,"column":8},"end":{"line":142,"column":10}},"75":{"start":{"line":145,"column":6},"end":{"line":145,"column":29}},"76":{"start":{"line":148,"column":4},"end":{"line":160,"column":5}},"77":{"start":{"line":150,"column":6},"end":{"line":150,"column":73}},"78":{"start":{"line":153,"column":6},"end":{"line":153,"column":80}},"79":{"start":{"line":156,"column":6},"end":{"line":159,"column":9}},"80":{"start":{"line":162,"column":4},"end":{"line":166,"column":5}},"81":{"start":{"line":163,"column":6},"end":{"line":165,"column":17}},"82":{"start":{"line":168,"column":4},"end":{"line":192,"column":5}},"83":{"start":{"line":169,"column":6},"end":{"line":169,"column":77}},"84":{"start":{"line":170,"column":6},"end":{"line":170,"column":49}},"85":{"start":{"line":172,"column":6},"end":{"line":174,"column":7}},"86":{"start":{"line":173,"column":8},"end":{"line":173,"column":21}},"87":{"start":{"line":176,"column":6},"end":{"line":176,"column":46}},"88":{"start":{"line":178,"column":6},"end":{"line":178,"column":31}},"89":{"start":{"line":179,"column":6},"end":{"line":185,"column":8}},"90":{"start":{"line":186,"column":6},"end":{"line":189,"column":9}},"91":{"start":{"line":191,"column":6},"end":{"line":191,"column":18}},"92":{"start":{"line":194,"column":4},"end":{"line":204,"column":5}},"93":{"start":{"line":195,"column":6},"end":{"line":201,"column":9}},"94":{"start":{"line":203,"column":6},"end":{"line":203,"column":68}},"95":{"start":{"line":206,"column":4},"end":{"line":211,"column":5}},"96":{"start":{"line":207,"column":6},"end":{"line":209,"column":34}},"97":{"start":{"line":213,"column":4},"end":{"line":215,"column":5}},"98":{"start":{"line":214,"column":6},"end":{"line":214,"column":60}},"99":{"start":{"line":217,"column":4},"end":{"line":219,"column":5}},"100":{"start":{"line":218,"column":6},"end":{"line":218,"column":60}},"101":{"start":{"line":221,"column":4},"end":{"line":226,"column":5}},"102":{"start":{"line":222,"column":6},"end":{"line":225,"column":7}},"103":{"start":{"line":223,"column":8},"end":{"line":223,"column":31}},"104":{"start":{"line":224,"column":8},"end":{"line":224,"column":19}},"105":{"start":{"line":229,"column":2},"end":{"line":321,"column":3}},"106":{"start":{"line":230,"column":4},"end":{"line":230,"column":20}},"107":{"start":{"line":232,"column":4},"end":{"line":241,"column":5}},"108":{"start":{"line":233,"column":6},"end":{"line":233,"column":36}},"109":{"start":{"line":234,"column":6},"end":{"line":234,"column":39}},"110":{"start":{"line":235,"column":6},"end":{"line":235,"column":40}},"111":{"start":{"line":236,"column":6},"end":{"line":236,"column":38}},"112":{"start":{"line":237,"column":6},"end":{"line":237,"column":41}},"113":{"start":{"line":240,"column":6},"end":{"line":240,"column":39}},"114":{"start":{"line":243,"column":4},"end":{"line":251,"column":5}},"115":{"start":{"line":244,"column":6},"end":{"line":248,"column":7}},"116":{"start":{"line":245,"column":8},"end":{"line":245,"column":61}},"117":{"start":{"line":247,"column":8},"end":{"line":247,"column":27}},"118":{"start":{"line":250,"column":6},"end":{"line":250,"column":48}},"119":{"start":{"line":253,"column":4},"end":{"line":262,"column":5}},"120":{"start":{"line":254,"column":6},"end":{"line":259,"column":7}},"121":{"start":{"line":255,"column":8},"end":{"line":255,"column":64}},"122":{"start":{"line":257,"column":8},"end":{"line":257,"column":39}},"123":{"start":{"line":258,"column":8},"end":{"line":258,"column":34}},"124":{"start":{"line":261,"column":6},"end":{"line":261,"column":51}},"125":{"start":{"line":264,"column":4},"end":{"line":273,"column":5}},"126":{"start":{"line":265,"column":6},"end":{"line":270,"column":7}},"127":{"start":{"line":266,"column":8},"end":{"line":266,"column":65}},"128":{"start":{"line":268,"column":8},"end":{"line":268,"column":40}},"129":{"start":{"line":269,"column":8},"end":{"line":269,"column":34}},"130":{"start":{"line":272,"column":6},"end":{"line":272,"column":52}},"131":{"start":{"line":275,"column":4},"end":{"line":280,"column":5}},"132":{"start":{"line":276,"column":6},"end":{"line":278,"column":7}},"133":{"start":{"line":277,"column":8},"end":{"line":277,"column":34}},"134":{"start":{"line":279,"column":6},"end":{"line":279,"column":53}},"135":{"start":{"line":282,"column":4},"end":{"line":284,"column":5}},"136":{"start":{"line":283,"column":6},"end":{"line":283,"column":59}},"137":{"start":{"line":286,"column":4},"end":{"line":314,"column":5}},"138":{"start":{"line":287,"column":6},"end":{"line":313,"column":9}},"139":{"start":{"line":293,"column":8},"end":{"line":293,"column":70}},"140":{"start":{"line":295,"column":8},"end":{"line":295,"column":27}},"141":{"start":{"line":297,"column":8},"end":{"line":297,"column":42}},"142":{"start":{"line":298,"column":8},"end":{"line":312,"column":9}},"143":{"start":{"line":299,"column":10},"end":{"line":299,"column":53}},"144":{"start":{"line":301,"column":10},"end":{"line":301,"column":29}},"145":{"start":{"line":302,"column":10},"end":{"line":310,"column":12}},"146":{"start":{"line":311,"column":10},"end":{"line":311,"column":33}},"147":{"start":{"line":316,"column":4},"end":{"line":320,"column":5}},"148":{"start":{"line":317,"column":6},"end":{"line":319,"column":7}},"149":{"start":{"line":318,"column":8},"end":{"line":318,"column":87}},"150":{"start":{"line":323,"column":2},"end":{"line":323,"column":44}}},"branchMap":{"1":{"line":52,"type":"if","locations":[{"start":{"line":52,"column":6},"end":{"line":52,"column":6}},{"start":{"line":52,"column":6},"end":{"line":52,"column":6}}]},"2":{"line":68,"type":"if","locations":[{"start":{"line":68,"column":6},"end":{"line":68,"column":6}},{"start":{"line":68,"column":6},"end":{"line":68,"column":6}}]},"3":{"line":127,"type":"if","locations":[{"start":{"line":127,"column":10},"end":{"line":127,"column":10}},{"start":{"line":127,"column":10},"end":{"line":127,"column":10}}]},"4":{"line":136,"type":"if","locations":[{"start":{"line":136,"column":6},"end":{"line":136,"column":6}},{"start":{"line":136,"column":6},"end":{"line":136,"column":6}}]},"5":{"line":172,"type":"if","locations":[{"start":{"line":172,"column":6},"end":{"line":172,"column":6}},{"start":{"line":172,"column":6},"end":{"line":172,"column":6}}]},"6":{"line":172,"type":"binary-expr","locations":[{"start":{"line":172,"column":10},"end":{"line":172,"column":24}},{"start":{"line":172,"column":28},"end":{"line":172,"column":42}}]},"7":{"line":298,"type":"if","locations":[{"start":{"line":298,"column":8},"end":{"line":298,"column":8}},{"start":{"line":298,"column":8},"end":{"line":298,"column":8}}]},"8":{"line":317,"type":"if","locations":[{"start":{"line":317,"column":6},"end":{"line":317,"column":6}},{"start":{"line":317,"column":6},"end":{"line":317,"column":6}}]},"9":{"line":317,"type":"binary-expr","locations":[{"start":{"line":317,"column":10},"end":{"line":317,"column":25}},{"start":{"line":317,"column":29},"end":{"line":317,"column":55}}]}}}}
